24:28:16.300200 dns-monitor Log continuation - Log started 2024-12-01T02:54:42.799847200Z
24:28:16.300400 dns-monitor HostDnsMonitor: old information
24:28:16.300436 dns-monitor   server 1: 192.168.175.98
24:28:16.300463 dns-monitor   no domain set
24:28:16.300485 dns-monitor   no search string entries
24:28:16.300500 dns-monitor HostDnsMonitor: new information
24:28:16.300513 dns-monitor   no server entries
24:28:16.300526 dns-monitor   no domain set
24:28:16.300542 dns-monitor   no search string entries
24:28:16.302072          HostDnsMonitorProxy::GetDomainName: no domain set
24:28:16.302166          HostDnsMonitorProxy::GetNameServers:
24:28:16.302188            no name server entries
24:28:16.302252          HostDnsMonitorProxy::GetSearchStrings:
24:28:16.302435            no search string entries
24:38:35.353173 dns-monitor HostDnsMonitor: updating information
24:38:35.353228 dns-monitor HostDnsMonitor: old information
24:38:35.353237 dns-monitor   no server entries
24:38:35.353244 dns-monitor   no domain set
24:38:35.353250 dns-monitor   no search string entries
24:38:35.353256 dns-monitor HostDnsMonitor: new information
24:38:35.353262 dns-monitor   server 1: 192.168.16.209
24:38:35.353268 dns-monitor   no domain set
24:38:35.353274 dns-monitor   no search string entries
24:38:35.354560          HostDnsMonitorProxy::GetDomainName: no domain set
24:38:35.354637          HostDnsMonitorProxy::GetNameServers:
24:38:35.354650            name server 1: 192.168.16.209
24:38:35.354708          HostDnsMonitorProxy::GetSearchStrings:
24:38:35.354719            no search string entries
25:08:27.554690          Saving settings file "D:\kali-linux-2024.3-virtualbox-amd64\kali-linux-2024.3-virtualbox-amd64.vbox" with version "1.19-windows"
25:08:27.564265          Finished saving settings file "D:\kali-linux-2024.3-virtualbox-amd64\kali-linux-2024.3-virtualbox-amd64.vbox"
25:08:27.575739          Saving settings file "D:\kali-linux-2024.3-virtualbox-amd64\kali-linux-2024.3-virtualbox-amd64.vbox" with version "1.19-windows"
25:08:27.579763          Finished saving settings file "D:\kali-linux-2024.3-virtualbox-amd64\kali-linux-2024.3-virtualbox-amd64.vbox"
25:08:27.605027          ERROR [COM]: aRC=VBOX_E_OBJECT_NOT_FOUND (0x80bb0001) aIID={5bfd8965-b81b-469f-8649-f717ce97a5d5} aComponent={NvramStoreWrap} aText={The UEFI NVRAM file is not existing for this machine}, preserve=false aResultDetail=0
25:08:27.610123          ERROR [COM]: aRC=VBOX_E_INVALID_VM_STATE (0x80bb0002) aIID={e36a5081-a82a-40bd-9e4e-42a44d6ce50f} aComponent={MachineWrap} aText={The machine is not mutable, saved or running (state is Running)}, preserve=false aResultDetail=0
25:08:27.976432          Saving settings file "D:\kali-linux-2024.3-virtualbox-amd64\kali-linux-2024.3-virtualbox-amd64.vbox" with version "1.19-windows"
25:08:27.985989          Finished saving settings file "D:\kali-linux-2024.3-virtualbox-amd64\kali-linux-2024.3-virtualbox-amd64.vbox"
25:08:27.994132          Saving settings file "D:\kali-linux-2024.3-virtualbox-amd64\kali-linux-2024.3-virtualbox-amd64.vbox" with version "1.19-windows"
25:08:27.997905          Finished saving settings file "D:\kali-linux-2024.3-virtualbox-amd64\kali-linux-2024.3-virtualbox-amd64.vbox"
25:08:28.007440          ERROR [COM]: aRC=VBOX_E_OBJECT_NOT_FOUND (0x80bb0001) aIID={5bfd8965-b81b-469f-8649-f717ce97a5d5} aComponent={NvramStoreWrap} aText={The UEFI NVRAM file is not existing for this machine}, preserve=false aResultDetail=0
25:08:28.010974          ERROR [COM]: aRC=VBOX_E_INVALID_VM_STATE (0x80bb0002) aIID={e36a5081-a82a-40bd-9e4e-42a44d6ce50f} aComponent={MachineWrap} aText={The machine is not mutable, saved or running (state is Running)}, preserve=false aResultDetail=0
25:08:43.866790 dns-monitor HostDnsMonitor: updating information
25:08:43.866828 dns-monitor HostDnsMonitor: unchanged
25:12:22.714662          Saving settings file "D:\kali-linux-2024.3-virtualbox-amd64\kali-linux-2024.3-virtualbox-amd64.vbox" with version "1.19-windows"
25:12:22.718206          Finished saving settings file "D:\kali-linux-2024.3-virtualbox-amd64\kali-linux-2024.3-virtualbox-amd64.vbox"
25:12:22.750376          Saving settings file "D:\kali-linux-2024.3-virtualbox-amd64\kali-linux-2024.3-virtualbox-amd64.vbox" with version "1.19-windows"
25:12:22.753581          Finished saving settings file "D:\kali-linux-2024.3-virtualbox-amd64\kali-linux-2024.3-virtualbox-amd64.vbox"
25:12:22.763093          ERROR [COM]: aRC=VBOX_E_OBJECT_NOT_FOUND (0x80bb0001) aIID={5bfd8965-b81b-469f-8649-f717ce97a5d5} aComponent={NvramStoreWrap} aText={The UEFI NVRAM file is not existing for this machine}, preserve=false aResultDetail=0
25:12:22.768217          ERROR [COM]: aRC=VBOX_E_INVALID_VM_STATE (0x80bb0002) aIID={e36a5081-a82a-40bd-9e4e-42a44d6ce50f} aComponent={MachineWrap} aText={The machine is not mutable, saved or running (state is Running)}, preserve=false aResultDetail=0
25:13:30.273741 dns-monitor HostDnsMonitor: updating information
25:13:30.273779 dns-monitor HostDnsMonitor: unchanged
25:50:33.865233 dns-monitor HostDnsMonitor: updating information
25:50:33.865333 dns-monitor HostDnsMonitor: old information
25:50:33.865340 dns-monitor   server 1: 192.168.16.209
25:50:33.865346 dns-monitor   no domain set
25:50:33.865350 dns-monitor   no search string entries
25:50:33.865355 dns-monitor HostDnsMonitor: new information
25:50:33.865360 dns-monitor   no server entries
25:50:33.865364 dns-monitor   no domain set
25:50:33.865368 dns-monitor   no search string entries
25:50:33.866091          HostDnsMonitorProxy::GetDomainName: no domain set
25:50:33.866165          HostDnsMonitorProxy::GetNameServers:
25:50:33.866174            no name server entries
25:50:33.866219          HostDnsMonitorProxy::GetSearchStrings:
25:50:33.866227            no search string entries
25:50:43.772069 dns-monitor HostDnsMonitor: updating information
25:50:43.772118 dns-monitor HostDnsMonitor: old information
25:50:43.772131 dns-monitor   no server entries
25:50:43.772152 dns-monitor   no domain set
25:50:43.772164 dns-monitor   no search string entries
25:50:43.772181 dns-monitor HostDnsMonitor: new information
25:50:43.772193 dns-monitor   server 1: 192.168.16.209
25:50:43.772204 dns-monitor   no domain set
25:50:43.772214 dns-monitor   no search string entries
25:50:43.772771          HostDnsMonitorProxy::GetDomainName: no domain set
25:50:43.772863          HostDnsMonitorProxy::GetNameServers:
25:50:43.772882            name server 1: 192.168.16.209
25:50:43.772971          HostDnsMonitorProxy::GetSearchStrings:
25:50:43.772990            no search string entries
25:52:37.333372 dns-monitor HostDnsMonitor: updating information
25:52:37.333454 dns-monitor HostDnsMonitor: unchanged
25:58:17.549971 dns-monitor HostDnsMonitor: updating information
25:58:17.550016 dns-monitor HostDnsMonitor: unchanged
26:17:34.625098 dns-monitor HostDnsMonitor: updating information
26:17:34.625313 dns-monitor HostDnsMonitor: unchanged
26:29:23.274202 dns-monitor HostDnsMonitor: updating information
26:29:23.274233 dns-monitor HostDnsMonitor: unchanged
26:31:06.993881 dns-monitor HostDnsMonitor: updating information
26:31:06.993917 dns-monitor HostDnsMonitor: unchanged
26:47:07.996697 dns-monitor HostDnsMonitor: updating information
26:47:07.996928 dns-monitor HostDnsMonitor: unchanged
26:54:38.863148 dns-monitor HostDnsMonitor: updating information
26:54:38.863187 dns-monitor HostDnsMonitor: unchanged
32:52:42.355583 dns-monitor HostDnsMonitor: updating information
32:52:42.355699 dns-monitor HostDnsMonitor: unchanged
32:52:50.754970 dns-monitor HostDnsMonitor: updating information
32:52:50.754998 dns-monitor HostDnsMonitor: unchanged
33:12:16.791532 USBPROXY usbLibGetDevices: Starting USB device enumeration
33:12:16.791832 USBPROXY Getting USB descriptor (id 0) failed (dwErr=31) on hub USB#ROOT_HUB30#5&3ac5401e&0&0#{f18a0e88-c30c-11d0-8815-00a0c906bed8} port 3
33:12:16.791935 USBPROXY Getting USB descriptor (id 0) failed (dwErr=31) on hub USB#ROOT_HUB30#5&3ac5401e&0&0#{f18a0e88-c30c-11d0-8815-00a0c906bed8} port 4
33:12:16.799453 USBPROXY usbLibGetDevices: Found 3 USB devices, 0 captured
33:12:17.681912 dns-monitor HostDnsMonitor: updating information
33:12:17.681976 dns-monitor HostDnsMonitor: unchanged
33:56:11.109633 dns-monitor HostDnsMonitor: updating information
33:56:11.109746 dns-monitor HostDnsMonitor: unchanged
34:10:47.218182 dns-monitor HostDnsMonitor: updating information
34:10:47.218214 dns-monitor HostDnsMonitor: unchanged
34:40:56.358462 dns-monitor HostDnsMonitor: updating information
34:40:56.358536 dns-monitor HostDnsMonitor: unchanged
35:11:05.492264 dns-monitor HostDnsMonitor: updating information
35:11:05.492372 dns-monitor HostDnsMonitor: unchanged
35:41:14.624808 dns-monitor HostDnsMonitor: updating information
35:41:14.624915 dns-monitor HostDnsMonitor: unchanged
36:11:23.759593 dns-monitor HostDnsMonitor: updating information
36:11:23.759713 dns-monitor HostDnsMonitor: unchanged
36:41:31.970334 dns-monitor HostDnsMonitor: updating information
36:41:31.970448 dns-monitor HostDnsMonitor: unchanged
37:42:16.262969 dns-monitor HostDnsMonitor: updating information
37:42:16.263005 dns-monitor HostDnsMonitor: unchanged
38:12:02.712177 dns-monitor HostDnsMonitor: updating information
38:12:02.712319 dns-monitor HostDnsMonitor: unchanged
38:21:50.863124          Saving settings file "D:\kali-linux-2024.3-virtualbox-amd64\kali-linux-2024.3-virtualbox-amd64.vbox" with version "1.19-windows"
38:21:50.873431          Finished saving settings file "D:\kali-linux-2024.3-virtualbox-amd64\kali-linux-2024.3-virtualbox-amd64.vbox"
38:21:50.935777          Saving settings file "D:\kali-linux-2024.3-virtualbox-amd64\kali-linux-2024.3-virtualbox-amd64.vbox" with version "1.19-windows"
38:21:50.941077          Finished saving settings file "D:\kali-linux-2024.3-virtualbox-amd64\kali-linux-2024.3-virtualbox-amd64.vbox"
38:21:50.985620          ERROR [COM]: aRC=VBOX_E_OBJECT_NOT_FOUND (0x80bb0001) aIID={5bfd8965-b81b-469f-8649-f717ce97a5d5} aComponent={NvramStoreWrap} aText={The UEFI NVRAM file is not existing for this machine}, preserve=false aResultDetail=0
38:21:50.996147          ERROR [COM]: aRC=VBOX_E_INVALID_VM_STATE (0x80bb0002) aIID={e36a5081-a82a-40bd-9e4e-42a44d6ce50f} aComponent={MachineWrap} aText={The machine is not mutable, saved or running (state is Running)}, preserve=false aResultDetail=0
38:21:51.348662          Saving settings file "D:\kali-linux-2024.3-virtualbox-amd64\kali-linux-2024.3-virtualbox-amd64.vbox" with version "1.19-windows"
38:21:51.358960          Finished saving settings file "D:\kali-linux-2024.3-virtualbox-amd64\kali-linux-2024.3-virtualbox-amd64.vbox"
38:21:51.393269          Saving settings file "D:\kali-linux-2024.3-virtualbox-amd64\kali-linux-2024.3-virtualbox-amd64.vbox" with version "1.19-windows"
38:21:51.398316          Finished saving settings file "D:\kali-linux-2024.3-virtualbox-amd64\kali-linux-2024.3-virtualbox-amd64.vbox"
38:21:51.447965          ERROR [COM]: aRC=VBOX_E_OBJECT_NOT_FOUND (0x80bb0001) aIID={5bfd8965-b81b-469f-8649-f717ce97a5d5} aComponent={NvramStoreWrap} aText={The UEFI NVRAM file is not existing for this machine}, preserve=false aResultDetail=0
38:21:51.454463          ERROR [COM]: aRC=VBOX_E_INVALID_VM_STATE (0x80bb0002) aIID={e36a5081-a82a-40bd-9e4e-42a44d6ce50f} aComponent={MachineWrap} aText={The machine is not mutable, saved or running (state is Running)}, preserve=false aResultDetail=0
38:42:11.303947 dns-monitor HostDnsMonitor: updating information
38:42:11.304000 dns-monitor HostDnsMonitor: unchanged
39:12:16.506607 dns-monitor HostDnsMonitor: updating information
39:12:16.506708 dns-monitor HostDnsMonitor: unchanged
39:29:02.580105          ERROR [COM]: aRC=E_FAIL (0x80004005) aIID={bea3ef5c-de2f-4b74-aa3a-15d6249371a0} aComponent={RecordingSettingsWrap} aText={Recording not started}, preserve=false aResultDetail=0
39:29:04.473233          ERROR [COM]: aRC=E_FAIL (0x80004005) aIID={bea3ef5c-de2f-4b74-aa3a-15d6249371a0} aComponent={RecordingSettingsWrap} aText={Recording not started}, preserve=false aResultDetail=0
39:29:04.482250          Saving settings file "D:\kali-linux-2024.3-virtualbox-amd64\kali-linux-2024.3-virtualbox-amd64.vbox" with version "1.19-windows"
39:29:04.484612          Finished saving settings file "D:\kali-linux-2024.3-virtualbox-amd64\kali-linux-2024.3-virtualbox-amd64.vbox"
39:29:04.493142          ERROR [COM]: aRC=E_FAIL (0x80004005) aIID={bea3ef5c-de2f-4b74-aa3a-15d6249371a0} aComponent={RecordingSettingsWrap} aText={Recording not started}, preserve=false aResultDetail=0
39:29:04.515528          ERROR [COM]: aRC=E_INVALIDARG (0x80070057) aIID={e36a5081-a82a-40bd-9e4e-42a44d6ce50f} aComponent={SessionMachine} aText={Properties with TRANSIENT or TRANSRESET flag cannot be set or modified if VM is not running}, preserve=false aResultDetail=0
39:29:08.835538 main     WM_QUERYENDSESSION: shutdown (0x00000000)
39:29:08.835584 main     No active connections: bActivity = false, lock count = 1
39:29:08.869786 main     WM_ENDSESSION: shutdown (TRUE/0x00000000)
